<?xml version="1.0" encoding="UTF-8"?>
<testsuite xmlns:xsi="http://www.w3.org/2001/XMLSchema-instance" xsi:noNamespaceSchemaLocation="https://maven.apache.org/surefire/maven-surefire-plugin/xsd/surefire-test-report.xsd" name="fr.lernejo.SampleTest" time="0.252" tests="4" errors="0" skipped="0" failures="0">
  <properties>
[...]
</properties>
  <testcase name="add_negative_numbers_should_return_correct_result" classname="fr.lernejo.SampleTest" time="0.225"/>
  <testcase name="add_2_and_2_should_return_4" classname="fr.lernejo.SampleTest" time="0"/>
  <testcase name="multiply_by_zero_should_return_zero" classname="fr.lernejo.SampleTest" time="0.001"/>
  <testcase name="multiply_3_and_3_should_return_9" classname="fr.lernejo.SampleTest" time="0.002"/>
</testsuite>